app/build/intermediates/manifest_merge_blame_file/debug/processDebugMainManifest/manifest-merger-blame-debug-report.txt
1<?xml version="1.0" encoding="utf-8"?>
2<manifest xmlns:android="http://schemas.android.com/apk/res/android"
3    package="com.augmentos_manager"
4    android:versionCode="1"
5    android:versionName="1.0" >
6
7    <uses-sdk
8        android:minSdkVersion="23"
9        android:targetSdkVersion="34" />
10
11    <uses-permission android:name="android.permission.INTERNET" />
11-->src\main\AndroidManifest.xml:3:5-67
11-->src\main\AndroidManifest.xml:3:22-64
12    <uses-permission
12-->src\main\AndroidManifest.xml:4:5-67
13        android:name="android.permission.BLUETOOTH"
13-->src\main\AndroidManifest.xml:4:22-65
14        android:maxSdkVersion="30" />
14-->[:react-native-ble-manager] AndroidManifest.xml:12:9-35
15    <uses-permission
15-->src\main\AndroidManifest.xml:5:5-73
16        android:name="android.permission.BLUETOOTH_ADMIN"
16-->src\main\AndroidManifest.xml:5:22-71
17        android:maxSdkVersion="30" />
17-->[:react-native-ble-manager] AndroidManifest.xml:15:9-35
18    <uses-permission android:name="android.permission.BLUETOOTH_CONNECT" />
18-->src\main\AndroidManifest.xml:6:5-75
18-->src\main\AndroidManifest.xml:6:22-73
19    <uses-permission
19-->src\main\AndroidManifest.xml:7:5-72
20        android:name="android.permission.BLUETOOTH_SCAN"
20-->src\main\AndroidManifest.xml:7:22-70
21        android:usesPermissionFlags="neverForLocation" />
21-->[:react-native-ble-manager] AndroidManifest.xml:18:9-55
22    <uses-permission android:name="android.permission.BLUETOOTH_ADVERTISE" />
22-->src\main\AndroidManifest.xml:8:5-77
22-->src\main\AndroidManifest.xml:8:22-75
23    <uses-permission android:name="android.permission.ACCESS_FINE_LOCATION" />
23-->src\main\AndroidManifest.xml:9:5-79
23-->src\main\AndroidManifest.xml:9:22-76
24    <uses-permission android:name="android.permission.ACCESS_COARSE_LOCATION" />
24-->[:react-native-ble-manager] AndroidManifest.xml:8:5-81
24-->[:react-native-ble-manager] AndroidManifest.xml:8:22-78
25    <!--
26    This manifest file is used only by Gradle to configure debug-only capabilities
27    for React Native Apps.
28    -->
29    <uses-permission android:name="android.permission.SYSTEM_ALERT_WINDOW" />
29-->[com.facebook.react:react-android:0.75.4] AndroidManifest.xml:16:5-78
29-->[com.facebook.react:react-android:0.75.4] AndroidManifest.xml:16:22-75
30
31    <permission
31-->[androidx.core:core:1.9.0] AndroidManifest.xml:22:5-24:47
32        android:name="com.augmentos_manager.DYNAMIC_RECEIVER_NOT_EXPORTED_PERMISSION"
32-->[androidx.core:core:1.9.0] AndroidManifest.xml:23:9-81
33        android:protectionLevel="signature" />
33-->[androidx.core:core:1.9.0] AndroidManifest.xml:24:9-44
34
35    <uses-permission android:name="com.augmentos_manager.DYNAMIC_RECEIVER_NOT_EXPORTED_PERMISSION" />
35-->[androidx.core:core:1.9.0] AndroidManifest.xml:26:5-97
35-->[androidx.core:core:1.9.0] AndroidManifest.xml:26:22-94
36
37    <application
37-->src\main\AndroidManifest.xml:14:5-34:19
38        android:name="com.augmentos_manager.MainApplication"
38-->src\main\AndroidManifest.xml:15:7-38
39        android:allowBackup="false"
39-->src\main\AndroidManifest.xml:19:7-34
40        android:appComponentFactory="androidx.core.app.CoreComponentFactory"
40-->[androidx.core:core:1.9.0] AndroidManifest.xml:28:18-86
41        android:debuggable="true"
42        android:extractNativeLibs="false"
43        android:icon="@mipmap/ic_launcher"
43-->src\main\AndroidManifest.xml:17:7-41
44        android:label="@string/app_name"
44-->src\main\AndroidManifest.xml:16:7-39
45        android:roundIcon="@mipmap/ic_launcher_round"
45-->src\main\AndroidManifest.xml:18:7-52
46        android:supportsRtl="true"
46-->src\main\AndroidManifest.xml:21:7-33
47        android:theme="@style/AppTheme"
47-->src\main\AndroidManifest.xml:20:7-38
48        android:usesCleartextTraffic="true" >
48-->src\debug\AndroidManifest.xml:6:9-44
49        <activity
49-->src\main\AndroidManifest.xml:22:7-33:18
50            android:name="com.augmentos_manager.MainActivity"
50-->src\main\AndroidManifest.xml:23:9-37
51            android:configChanges="keyboard|keyboardHidden|orientation|screenLayout|screenSize|smallestScreenSize|uiMode"
51-->src\main\AndroidManifest.xml:25:9-118
52            android:exported="true"
52-->src\main\AndroidManifest.xml:28:9-32
53            android:label="@string/app_name"
53-->src\main\AndroidManifest.xml:24:9-41
54            android:launchMode="singleTask"
54-->src\main\AndroidManifest.xml:26:9-40
55            android:windowSoftInputMode="adjustResize" >
55-->src\main\AndroidManifest.xml:27:9-51
56            <intent-filter>
56-->src\main\AndroidManifest.xml:29:9-32:25
57                <action android:name="android.intent.action.MAIN" />
57-->src\main\AndroidManifest.xml:30:13-65
57-->src\main\AndroidManifest.xml:30:21-62
58
59                <category android:name="android.intent.category.LAUNCHER" />
59-->src\main\AndroidManifest.xml:31:13-73
59-->src\main\AndroidManifest.xml:31:23-70
60            </intent-filter>
61        </activity>
62        <activity
62-->[com.facebook.react:react-android:0.75.4] AndroidManifest.xml:19:9-21:40
63            android:name="com.facebook.react.devsupport.DevSettingsActivity"
63-->[com.facebook.react:react-android:0.75.4] AndroidManifest.xml:20:13-77
64            android:exported="false" />
64-->[com.facebook.react:react-android:0.75.4] AndroidManifest.xml:21:13-37
65
66        <provider
66-->[androidx.emoji2:emoji2:1.2.0] AndroidManifest.xml:24:9-32:20
67            android:name="androidx.startup.InitializationProvider"
67-->[androidx.emoji2:emoji2:1.2.0] AndroidManifest.xml:25:13-67
68            android:authorities="com.augmentos_manager.androidx-startup"
68-->[androidx.emoji2:emoji2:1.2.0] AndroidManifest.xml:26:13-68
69            android:exported="false" >
69-->[androidx.emoji2:emoji2:1.2.0] AndroidManifest.xml:27:13-37
70            <meta-data
70-->[androidx.emoji2:emoji2:1.2.0] AndroidManifest.xml:29:13-31:52
71                android:name="androidx.emoji2.text.EmojiCompatInitializer"
71-->[androidx.emoji2:emoji2:1.2.0] AndroidManifest.xml:30:17-75
72                android:value="androidx.startup" />
72-->[androidx.emoji2:emoji2:1.2.0] AndroidManifest.xml:31:17-49
73            <meta-data
73-->[androidx.lifecycle:lifecycle-process:2.4.1] AndroidManifest.xml:31:13-33:52
74                android:name="androidx.lifecycle.ProcessLifecycleInitializer"
74-->[androidx.lifecycle:lifecycle-process:2.4.1] AndroidManifest.xml:32:17-78
75                android:value="androidx.startup" />
75-->[androidx.lifecycle:lifecycle-process:2.4.1] AndroidManifest.xml:33:17-49
76        </provider>
77
78        <meta-data
78-->[com.facebook.soloader:soloader:0.11.0] AndroidManifest.xml:12:9-14:37
79            android:name="com.facebook.soloader.enabled"
79-->[com.facebook.soloader:soloader:0.11.0] AndroidManifest.xml:13:13-57
80            android:value="false" />
80-->[com.facebook.soloader:soloader:0.11.0] AndroidManifest.xml:14:13-34
81    </application>
82
83</manifest>